<?xml version="1.0" encoding="UTF-8"?>
<robot generator="Robot 7.0 (Python 3.9.6 on darwin)" generated="2024-01-29T10:22:53.524983" rpa="false" schemaversion="5">
<suite id="s1" name="Test" source="/Users/nontaphat/Desktop/Robot/Robot_Test/test.robot">
<kw name="Open Browser" owner="SeleniumLibrary" type="SETUP">
<msg time="2024-01-29T10:22:53.604169" level="INFO">Opening browser 'chrome' to base url 'https://automationexercise.com/view_cart'.</msg>
<arg>https://automationexercise.com/view_cart</arg>
<arg>chrome</arg>
<doc>Opens a new browser instance to the optional ``url``.</doc>
<status status="PASS" start="2024-01-29T10:22:53.603947" elapsed="6.911002"/>
</kw>
<test id="s1-t1" name="Register with valid info" line="31">
<kw name="Input EMAIL">
<kw name="Input Text" owner="SeleniumLibrary">
<msg time="2024-01-29T10:23:00.517353" level="INFO">Typing text 'luna888@gmail.com' into text field '//*[@id="susbscribe_email"]'.</msg>
<arg>//*[@id="susbscribe_email"]</arg>
<arg>${EMAIL}</arg>
<doc>Types the given ``text`` into the text field identified by ``locator``.</doc>
<status status="PASS" start="2024-01-29T10:23:00.517000" elapsed="0.119657"/>
</kw>
<arg>${EMAIL}</arg>
<status status="PASS" start="2024-01-29T10:23:00.516626" elapsed="0.120433"/>
</kw>
<kw name="Click Checkbox">
<kw name="Click Button" owner="SeleniumLibrary">
<msg time="2024-01-29T10:23:00.637875" level="INFO">Clicking button '//*[@id="subscribe"]'.</msg>
<arg>//*[@id="subscribe"]</arg>
<doc>Clicks the button identified by ``locator``.</doc>
<status status="PASS" start="2024-01-29T10:23:00.637661" elapsed="0.047405"/>
</kw>
<status status="PASS" start="2024-01-29T10:23:00.637347" elapsed="0.047965"/>
</kw>
<doc>This test case i expected to show    "You have been successfully subscribed!"</doc>
<status status="PASS" start="2024-01-29T10:23:00.515611" elapsed="0.169943"/>
</test>
<kw name="Close Browser" owner="SeleniumLibrary" type="TEARDOWN">
<doc>Closes the current browser.</doc>
<status status="PASS" start="2024-01-29T10:23:00.686026" elapsed="0.077891"/>
</kw>
<doc>This is a sample test suite using Robot Framework</doc>
<status status="PASS" start="2024-01-29T10:22:53.527373" elapsed="7.236734"/>
</suite>
<statistics>
<total>
<stat pass="1" fail="0" skip="0">All Tests</stat>
</total>
<tag>
</tag>
<suite>
<stat pass="1" fail="0" skip="0" id="s1" name="Test">Test</stat>
</suite>
</statistics>
<errors>
</errors>
</robot>
